
act
all
allow
also
always
any
are
as
ask
at
away
b
be
become
becoming
been
big
call
came
come
day
did
do
doing
end
etc
even
ever
few
find
gave
get
getting
give
go
goes
going
got
had
has
have
having
he
here
how
i
in
is
it
just
k
key
kind
know
likes
look
lot
make
many
me
more
most
much
need
not
now
old
on
one
only
open
other
own
put
putting
s
said
same
saw
say
see
seek
seeking
seem
seen
sees
set
sit
so
some
something
such
take
that
thats
them
then
there
elsewhere
maybe
using
theres
they
thing
things
this
those
to
told
too
up
us
use
very
w
want
was
way
ways
we
well
were
what
whats
when
where
which
while
who
why
will
with
you
